2026-02-12 19:37:01,898 | INFO | __main__ | run_id=c6b4848d | pipeline_start mode_default=LOCAL
2026-02-12 19:37:01,898 | INFO | __main__ | run_id=c6b4848d | local_outputs_enabled outputs=validation_reports,intermediate_dataframes,model_solution
2026-02-12 19:37:01,898 | INFO | __main__ | run_id=c6b4848d | step_start step=load_request path=/Users/jbeta/Documents/AlfredEnvs/AlfredPROD/data/phase1/8/request.json
2026-02-12 19:37:01,913 | INFO | __main__ | run_id=c6b4848d | step_end   step=load_request duration_ms=15.0 path=/Users/jbeta/Documents/AlfredEnvs/AlfredPROD/data/phase1/8/request.json
2026-02-12 19:37:01,913 | INFO | __main__ | run_id=c6b4848d | preassignment_mode_resolved keep_payload_assignment=False mode=reassign_infeasible_services
2026-02-12 19:37:01,913 | INFO | __main__ | run_id=c6b4848d | step_start step=load_local_input path=/Users/jbeta/Documents/AlfredEnvs/AlfredPROD/data/phase1/8/local/input.csv
2026-02-12 19:37:01,918 | INFO | src.io.input_loader | run_id=c6b4848d | local_input_loaded services=1 labors=3
2026-02-12 19:37:01,918 | INFO | __main__ | run_id=c6b4848d | step_end   step=load_local_input duration_ms=5.13 path=/Users/jbeta/Documents/AlfredEnvs/AlfredPROD/data/phase1/8/local/input.csv
2026-02-12 19:37:01,918 | INFO | __main__ | run_id=c6b4848d | step_start step=parse_input
2026-02-12 19:37:02,143 | INFO | src.data.parsing.input_parser | run_id=c6b4848d | input_parsed rows=3
2026-02-12 19:37:02,143 | INFO | __main__ | run_id=c6b4848d | step_end   step=parse_input duration_ms=225.14
2026-02-12 19:37:02,145 | INFO | src.io.request_loader | run_id=c6b4848d | request_filters_applied rows_in=3 rows_out=3
2026-02-12 19:37:02,145 | INFO | __main__ | run_id=c6b4848d | step_start step=validate_input
2026-02-12 19:37:02,146 | INFO | src.data.validation.validator | run_id=c6b4848d | validation_completed total=3 valid_rows=0 invalid_rows=3
2026-02-12 19:37:02,146 | INFO | __main__ | run_id=c6b4848d | step_end   step=validate_input duration_ms=1.31
2026-02-12 19:37:02,146 | INFO | __main__ | run_id=c6b4848d | step_start step=write_validation_reports
2026-02-12 19:37:02,147 | INFO | src.io.output_writer | run_id=c6b4848d | validation_outputs_saved generated=data_validation_invalid_rows_csv,data_validation_report_json
2026-02-12 19:37:02,147 | INFO | __main__ | run_id=c6b4848d | step_end   step=write_validation_reports duration_ms=1.33
2026-02-12 19:37:02,147 | WARNING | __main__ | run_id=c6b4848d | input_validation_found_issues invalid_rows=3
2026-02-12 19:37:02,147 | ERROR | __main__ | run_id=c6b4848d | input_validation_failed
Traceback (most recent call last):
  File "/Users/jbeta/Documents/AlfredEnvs/AlfredPROD/main.py", line 589, in main
    raise ValueError("all_rows_failed_validation")
ValueError: all_rows_failed_validation
